Determining if the pthread_create exist failed with the following output:
Change Dir: /home/chris/catkin_ws/src/ReflexxesTypeII/bin/CMakeFiles/CMakeTmp

Run Build Command:/usr/bin/make "cmTryCompileExec2183277994/fast"
/usr/bin/make -f CMakeFiles/cmTryCompileExec2183277994.dir/build.make CMakeFiles/cmTryCompileExec2183277994.dir/build
make[1]: Entering directory `/home/chris/catkin_ws/src/ReflexxesTypeII/bin/CMakeFiles/CMakeTmp'
/usr/bin/cmake -E cmake_progress_report /home/chris/catkin_ws/src/ReflexxesTypeII/bin/CMakeFiles/CMakeTmp/CMakeFiles 1
Building C object CMakeFiles/cmTryCompileExec2183277994.dir/CheckSymbolExists.c.o
/usr/bin/cc    -o CMakeFiles/cmTryCompileExec2183277994.dir/CheckSymbolExists.c.o   -c /home/chris/catkin_ws/src/ReflexxesTypeII/bin/CMakeFiles/CMakeTmp/CheckSymbolExists.c
Linking C executable cmTryCompileExec2183277994
/usr/bin/cmake -E cmake_link_script CMakeFiles/cmTryCompileExec2183277994.dir/link.txt --verbose=1
/usr/bin/cc       CMakeFiles/cmTryCompileExec2183277994.dir/CheckSymbolExists.c.o  -o cmTryCompileExec2183277994 -rdynamic 
CMakeFiles/cmTryCompileExec2183277994.dir/CheckSymbolExists.c.o: In function `main':
CheckSymbolExists.c:(.text+0x16): undefined reference to `pthread_create'
collect2: error: ld returned 1 exit status
make[1]: *** [cmTryCompileExec2183277994] Error 1
make[1]: Leaving directory `/home/chris/catkin_ws/src/ReflexxesTypeII/bin/CMakeFiles/CMakeTmp'
make: *** [cmTryCompileExec2183277994/fast] Error 2

File /home/chris/catkin_ws/src/ReflexxesTypeII/bin/CMakeFiles/CMakeTmp/CheckSymbolExists.c:
/* */
#include <pthread.h>

int main(int argc, char** argv)
{
  (void)argv;
#ifndef pthread_create
  return ((int*)(&pthread_create))[argc];
#else
  (void)argc;
  return 0;
#endif
}

Determining if the function pthread_create exists in the pthreads failed with the following output:
Change Dir: /home/chris/catkin_ws/src/ReflexxesTypeII/bin/CMakeFiles/CMakeTmp

Run Build Command:/usr/bin/make "cmTryCompileExec2117951335/fast"
/usr/bin/make -f CMakeFiles/cmTryCompileExec2117951335.dir/build.make CMakeFiles/cmTryCompileExec2117951335.dir/build
make[1]: Entering directory `/home/chris/catkin_ws/src/ReflexxesTypeII/bin/CMakeFiles/CMakeTmp'
/usr/bin/cmake -E cmake_progress_report /home/chris/catkin_ws/src/ReflexxesTypeII/bin/CMakeFiles/CMakeTmp/CMakeFiles 1
Building C object CMakeFiles/cmTryCompileExec2117951335.dir/CheckFunctionExists.c.o
/usr/bin/cc   -DCHECK_FUNCTION_EXISTS=pthread_create   -o CMakeFiles/cmTryCompileExec2117951335.dir/CheckFunctionExists.c.o   -c /usr/share/cmake-2.8/Modules/CheckFunctionExists.c
Linking C executable cmTryCompileExec2117951335
/usr/bin/cmake -E cmake_link_script CMakeFiles/cmTryCompileExec2117951335.dir/link.txt --verbose=1
/usr/bin/cc   -DCHECK_FUNCTION_EXISTS=pthread_create    CMakeFiles/cmTryCompileExec2117951335.dir/CheckFunctionExists.c.o  -o cmTryCompileExec2117951335 -rdynamic -lpthreads 
/usr/bin/ld: cannot find -lpthreads
collect2: error: ld returned 1 exit status
make[1]: *** [cmTryCompileExec2117951335] Error 1
make[1]: Leaving directory `/home/chris/catkin_ws/src/ReflexxesTypeII/bin/CMakeFiles/CMakeTmp'
make: *** [cmTryCompileExec2117951335/fast] Error 2


